# Logfile created on 2014-01-02 00:56:45 +0700 by logger.rb/36483
I, [2014-01-02T00:56:45.460382 #5314]  INFO -- : 0:  RedCloth (4.2.9) from /Users/sarunw/.rbenv/versions/2.0.0-p247/lib/ruby/gems/2.0.0/specifications/RedCloth-4.2.9.gemspec
I, [2014-01-02T00:56:45.461278 #5314]  INFO -- : 0:  blankslate (2.1.2.4) from /Users/sarunw/.rbenv/versions/2.0.0-p247/lib/ruby/gems/2.0.0/specifications/blankslate-2.1.2.4.gemspec
I, [2014-01-02T00:56:45.461736 #5314]  INFO -- : 0:  fast-stemmer (1.0.2) from /Users/sarunw/.rbenv/versions/2.0.0-p247/lib/ruby/gems/2.0.0/specifications/fast-stemmer-1.0.2.gemspec
I, [2014-01-02T00:56:45.462161 #5314]  INFO -- : 0:  classifier (1.3.4) from /Users/sarunw/.rbenv/versions/2.0.0-p247/lib/ruby/gems/2.0.0/specifications/classifier-1.3.4.gemspec
I, [2014-01-02T00:56:45.462606 #5314]  INFO -- : 0:  colorator (0.1) from /Users/sarunw/.rbenv/versions/2.0.0-p247/lib/ruby/gems/2.0.0/specifications/colorator-0.1.gemspec
I, [2014-01-02T00:56:45.463102 #5314]  INFO -- : 0:  highline (1.6.20) from /Users/sarunw/.rbenv/versions/2.0.0-p247/lib/ruby/gems/2.0.0/specifications/highline-1.6.20.gemspec
I, [2014-01-02T00:56:45.463514 #5314]  INFO -- : 0:  commander (4.1.5) from /Users/sarunw/.rbenv/versions/2.0.0-p247/lib/ruby/gems/2.0.0/specifications/commander-4.1.5.gemspec
I, [2014-01-02T00:56:45.464016 #5314]  INFO -- : 0:  ffi (1.9.3) from /Users/sarunw/.rbenv/versions/2.0.0-p247/lib/ruby/gems/2.0.0/specifications/ffi-1.9.3.gemspec
I, [2014-01-02T00:56:45.464589 #5314]  INFO -- : 0:  liquid (2.5.4) from /Users/sarunw/.rbenv/versions/2.0.0-p247/lib/ruby/gems/2.0.0/specifications/liquid-2.5.4.gemspec
I, [2014-01-02T00:56:45.465057 #5314]  INFO -- : 0:  rb-fsevent (0.9.4) from /Users/sarunw/.rbenv/versions/2.0.0-p247/lib/ruby/gems/2.0.0/specifications/rb-fsevent-0.9.4.gemspec
I, [2014-01-02T00:56:45.465490 #5314]  INFO -- : 0:  rb-inotify (0.9.3) from /Users/sarunw/.rbenv/versions/2.0.0-p247/lib/ruby/gems/2.0.0/specifications/rb-inotify-0.9.3.gemspec
I, [2014-01-02T00:56:45.465943 #5314]  INFO -- : 0:  rb-kqueue (0.2.0) from /Users/sarunw/.rbenv/versions/2.0.0-p247/lib/ruby/gems/2.0.0/specifications/rb-kqueue-0.2.0.gemspec
I, [2014-01-02T00:56:45.466401 #5314]  INFO -- : 0:  listen (1.3.1) from /Users/sarunw/.rbenv/versions/2.0.0-p247/lib/ruby/gems/2.0.0/specifications/listen-1.3.1.gemspec
I, [2014-01-02T00:56:45.466851 #5314]  INFO -- : 0:  maruku (0.7.0) from /Users/sarunw/.rbenv/versions/2.0.0-p247/lib/ruby/gems/2.0.0/specifications/maruku-0.7.0.gemspec
I, [2014-01-02T00:56:45.467285 #5314]  INFO -- : 0:  posix-spawn (0.3.8) from /Users/sarunw/.rbenv/versions/2.0.0-p247/lib/ruby/gems/2.0.0/specifications/posix-spawn-0.3.8.gemspec
I, [2014-01-02T00:56:45.467720 #5314]  INFO -- : 0:  yajl-ruby (1.1.0) from /Users/sarunw/.rbenv/versions/2.0.0-p247/lib/ruby/gems/2.0.0/specifications/yajl-ruby-1.1.0.gemspec
I, [2014-01-02T00:56:45.468307 #5314]  INFO -- : 0:  pygments.rb (0.5.4) from /Users/sarunw/.rbenv/versions/2.0.0-p247/lib/ruby/gems/2.0.0/specifications/pygments.rb-0.5.4.gemspec
I, [2014-01-02T00:56:45.468839 #5314]  INFO -- : 0:  redcarpet (2.3.0) from /Users/sarunw/.rbenv/versions/2.0.0-p247/lib/ruby/gems/2.0.0/specifications/redcarpet-2.3.0.gemspec
I, [2014-01-02T00:56:45.469335 #5314]  INFO -- : 0:  safe_yaml (0.9.7) from /Users/sarunw/.rbenv/versions/2.0.0-p247/lib/ruby/gems/2.0.0/specifications/safe_yaml-0.9.7.gemspec
I, [2014-01-02T00:56:45.469918 #5314]  INFO -- : 0:  parslet (1.5.0) from /Users/sarunw/.rbenv/versions/2.0.0-p247/lib/ruby/gems/2.0.0/specifications/parslet-1.5.0.gemspec
I, [2014-01-02T00:56:45.470665 #5314]  INFO -- : 0:  toml (0.1.0) from /Users/sarunw/.rbenv/versions/2.0.0-p247/lib/ruby/gems/2.0.0/specifications/toml-0.1.0.gemspec
I, [2014-01-02T00:56:45.471183 #5314]  INFO -- : 0:  jekyll (1.4.2) from /Users/sarunw/.rbenv/versions/2.0.0-p247/lib/ruby/gems/2.0.0/specifications/jekyll-1.4.2.gemspec
I, [2014-01-02T00:56:51.166354 #5314]  INFO -- : 0:  kramdown (1.2.0) from /Users/sarunw/.rbenv/versions/2.0.0-p247/lib/ruby/gems/2.0.0/specifications/kramdown-1.2.0.gemspec
I, [2014-01-02T00:56:58.142974 #5314]  INFO -- : 0:  rdiscount (2.1.7) from /Users/sarunw/.rbenv/versions/2.0.0-p247/lib/ruby/gems/2.0.0/specifications/rdiscount-2.1.7.gemspec
I, [2014-01-02T00:57:00.589820 #5314]  INFO -- : 0:  github-pages (12) from /Users/sarunw/.rbenv/versions/2.0.0-p247/lib/ruby/gems/2.0.0/specifications/github-pages-12.gemspec
I, [2014-01-02T00:57:00.590405 #5314]  INFO -- : 0:  bundler (1.5.1) from /Users/sarunw/.rbenv/versions/2.0.0-p247/lib/ruby/gems/2.0.0/specifications/bundler-1.5.1.gemspec
